plugins/hubees-notification/android/build/intermediates/manifest_merge_blame_file/debug/manifest-merger-blame-debug-report.txt
1<?xml version="1.0" encoding="utf-8"?>
2<manifest xmlns:android="http://schemas.android.com/apk/res/android"
3    package="com.hubees.hubeesnotification" >
4
5    <uses-sdk android:minSdkVersion="22" />
6
7    <application>
7-->src\main\AndroidManifest.xml:2:5-4:19
8        <receiver
8-->src\main\AndroidManifest.xml:3:9-82
9            android:name="com.hubees.hubeesnotification.NotificationReceiver"
9-->src\main\AndroidManifest.xml:3:19-55
10            android:exported="true" />
10-->src\main\AndroidManifest.xml:3:56-79
11    </application>
12
13</manifest>